<?xml version="1.0" encoding="UTF-8"?>
<testsuite xmlns:xsi="http://www.w3.org/2001/XMLSchema-instance" xsi:noNamespaceSchemaLocation="https://maven.apache.org/surefire/maven-surefire-plugin/xsd/surefire-test-report-3.0.xsd" version="3.0" name="com.torajawonders.torajawondersapi.TorajaWondersApiApplicationTests" time="4.894" tests="1" errors="0" skipped="0" failures="0">
  <properties>
[...]
</properties>
  <testcase name="contextLoads" classname="com.torajawonders.torajawondersapi.TorajaWondersApiApplicationTests" time="0.388">
    <system-out><![CDATA[05:25:58.393 [main] INFO org.springframework.test.context.support.AnnotationConfigContextLoaderUtils -- Could not detect default configuration classes for test class [com.torajawonders.torajawondersapi.TorajaWondersApiApplicationTests]: TorajaWondersApiApplicationTests does not declare any static, non-private, non-final, nested classes annotated with @Configuration.
05:25:58.462 [main] INFO org.springframework.boot.test.context.SpringBootTestContextBootstrapper -- Found @SpringBootConfiguration com.torajawonders.torajawondersapi.TorajaWondersApiApplication for test class com.torajawonders.torajawondersapi.TorajaWondersApiApplicationTests

  .   ____          _            __ _ _
 /\\ / ___'_ __ _ _(_)_ __  __ _ \ \ \ \
( ( )\___ | '_ | '_| | '_ \/ _` | \ \ \ \
 \\/  ___)| |_)| | | | | || (_| |  ) ) ) )
  '  |____| .__|_| |_|_| |_\__, | / / / /
 =========|_|==============|___/=/_/_/_/
 :: Spring Boot ::                (v3.1.3)

2023-10-01T05:25:58.775+11:00  INFO 23421 --- [           main] c.t.t.TorajaWondersApiApplicationTests   : Starting TorajaWondersApiApplicationTests using Java 17.0.3.1 with PID 23421 (started by cs in /Users/cs/coding/Toraja Wonders/api/toraja-wonders-api)
2023-10-01T05:25:58.776+11:00  INFO 23421 --- [           main] c.t.t.TorajaWondersApiApplicationTests   : The following 1 profile is active: "dev"
2023-10-01T05:25:59.461+11:00  INFO 23421 --- [           main] .s.d.r.c.RepositoryConfigurationDelegate : Bootstrapping Spring Data JPA repositories in DEFAULT mode.
2023-10-01T05:25:59.522+11:00  INFO 23421 --- [           main] .s.d.r.c.RepositoryConfigurationDelegate : Finished Spring Data repository scanning in 49 ms. Found 6 JPA repository interfaces.
2023-10-01T05:25:59.868+11:00  INFO 23421 --- [           main] o.hibernate.jpa.internal.util.LogHelper  : HHH000204: Processing PersistenceUnitInfo [name: default]
2023-10-01T05:25:59.903+11:00  INFO 23421 --- [           main] org.hibernate.Version                    : HHH000412: Hibernate ORM core version 6.2.7.Final
2023-10-01T05:25:59.905+11:00  INFO 23421 --- [           main] org.hibernate.cfg.Environment            : HHH000406: Using bytecode reflection optimizer
2023-10-01T05:25:59.992+11:00  INFO 23421 --- [           main] o.h.b.i.BytecodeProviderInitiator        : HHH000021: Bytecode provider name : bytebuddy
2023-10-01T05:26:00.100+11:00  INFO 23421 --- [           main] o.s.o.j.p.SpringPersistenceUnitInfo      : No LoadTimeWeaver setup: ignoring JPA class transformer
2023-10-01T05:26:00.111+11:00  INFO 23421 --- [           main] com.zaxxer.hikari.HikariDataSource       : HikariPool-1 - Starting...
2023-10-01T05:26:00.439+11:00  INFO 23421 --- [           main] com.zaxxer.hikari.pool.HikariPool        : HikariPool-1 - Added connection com.mysql.cj.jdbc.ConnectionImpl@7548e1fb
2023-10-01T05:26:00.440+11:00  INFO 23421 --- [           main] com.zaxxer.hikari.HikariDataSource       : HikariPool-1 - Start completed.
2023-10-01T05:26:00.719+11:00  INFO 23421 --- [           main] o.h.b.i.BytecodeProviderInitiator        : HHH000021: Bytecode provider name : bytebuddy
2023-10-01T05:26:01.311+11:00  INFO 23421 --- [           main] o.h.e.t.j.p.i.JtaPlatformInitiator       : HHH000490: Using JtaPlatform implementation: [org.hibernate.engine.transaction.jta.platform.internal.NoJtaPlatform]
2023-10-01T05:26:01.440+11:00  INFO 23421 --- [           main] j.LocalContainerEntityManagerFactoryBean : Initialized JPA EntityManagerFactory for persistence unit 'default'
2023-10-01T05:26:01.962+11:00  WARN 23421 --- [           main] JpaBaseConfiguration$JpaWebConfiguration : spring.jpa.open-in-view is enabled by default. Therefore, database queries may be performed during view rendering. Explicitly configure spring.jpa.open-in-view to disable this warning
2023-10-01T05:26:02.061+11:00  INFO 23421 --- [           main] o.s.s.web.DefaultSecurityFilterChain     : Will secure any request with [org.springframework.security.web.session.DisableEncodeUrlFilter@3cc2c4b8, org.springframework.security.web.context.request.async.WebAsyncManagerIntegrationFilter@11a29c0, org.springframework.security.web.context.SecurityContextHolderFilter@682270ff, org.springframework.security.web.header.HeaderWriterFilter@20e7152a, org.springframework.security.web.authentication.logout.LogoutFilter@281028ce, com.torajawonders.torajawondersapi.security.JwtAuthenticationFilter@28551755, org.springframework.security.web.savedrequest.RequestCacheAwareFilter@37922937, org.springframework.security.web.servletapi.SecurityContextHolderAwareRequestFilter@73483d4b, org.springframework.security.web.authentication.AnonymousAuthenticationFilter@1fc4b8d6, org.springframework.security.web.session.SessionManagementFilter@951461a, org.springframework.security.web.access.ExceptionTranslationFilter@1c80f8dd, org.springframework.security.web.access.intercept.AuthorizationFilter@6e5a77ef]
2023-10-01T05:26:02.486+11:00  INFO 23421 --- [           main] c.t.t.TorajaWondersApiApplicationTests   : Started TorajaWondersApiApplicationTests in 3.913 seconds (process running for 4.65)
]]></system-out>
  </testcase>
</testsuite>